<?xml version="1.0" encoding="UTF-8"?>
<testsuite xmlns:xsi="http://www.w3.org/2001/XMLSchema-instance" xsi:noNamespaceSchemaLocation="https://maven.apache.org/surefire/maven-surefire-plugin/xsd/surefire-test-report-3.0.xsd" version="3.0" name="TestSuite" time="131.294" tests="10" errors="0" skipped="0" failures="0">
  <properties>
    <property name="sun.desktop" value="windows"/>
    <property name="awt.toolkit" value="sun.awt.windows.WToolkit"/>
    <property name="java.specification.version" value="11"/>
    <property name="sun.cpu.isalist" value="amd64"/>
    <property name="sun.jnu.encoding" value="Cp1252"/>
    <property name="java.class.path" value="C:\Users\M1088236\selinumProject\ComprehensiveHybrid\target\test-classes;C:\Users\M1088236\selinumProject\ComprehensiveHybrid\target\classes;C:\Users\M1088236\.m2\repository\org\seleniumhq\selenium\selenium-java\3.141.59\selenium-java-3.141.59.jar;C:\Users\M1088236\.m2\repository\org\seleniumhq\selenium\selenium-api\3.141.59\selenium-api-3.141.59.jar;C:\Users\M1088236\.m2\repository\org\seleniumhq\selenium\selenium-chrome-driver\3.141.59\selenium-chrome-driver-3.141.59.jar;C:\Users\M1088236\.m2\repository\org\seleniumhq\selenium\selenium-edge-driver\3.141.59\selenium-edge-driver-3.141.59.jar;C:\Users\M1088236\.m2\repository\org\seleniumhq\selenium\selenium-firefox-driver\3.141.59\selenium-firefox-driver-3.141.59.jar;C:\Users\M1088236\.m2\repository\org\seleniumhq\selenium\selenium-ie-driver\3.141.59\selenium-ie-driver-3.141.59.jar;C:\Users\M1088236\.m2\repository\org\seleniumhq\selenium\selenium-opera-driver\3.141.59\selenium-opera-driver-3.141.59.jar;C:\Users\M1088236\.m2\repository\org\seleniumhq\selenium\selenium-remote-driver\3.141.59\selenium-remote-driver-3.141.59.jar;C:\Users\M1088236\.m2\repository\org\seleniumhq\selenium\selenium-safari-driver\3.141.59\selenium-safari-driver-3.141.59.jar;C:\Users\M1088236\.m2\repository\org\seleniumhq\selenium\selenium-support\3.141.59\selenium-support-3.141.59.jar;C:\Users\M1088236\.m2\repository\net\bytebuddy\byte-buddy\1.8.15\byte-buddy-1.8.15.jar;C:\Users\M1088236\.m2\repository\org\apache\commons\commons-exec\1.3\commons-exec-1.3.jar;C:\Users\M1088236\.m2\repository\com\google\guava\guava\25.0-jre\guava-25.0-jre.jar;C:\Users\M1088236\.m2\repository\com\google\code\findbugs\jsr305\1.3.9\jsr305-1.3.9.jar;C:\Users\M1088236\.m2\repository\org\checkerframework\checker-compat-qual\2.0.0\checker-compat-qual-2.0.0.jar;C:\Users\M1088236\.m2\repository\com\google\errorprone\error_prone_annotations\2.1.3\error_prone_annotations-2.1.3.jar;C:\Users\M1088236\.m2\repository\com\google\j2objc\j2objc-annotations\1.1\j2objc-annotations-1.1.jar;C:\Users\M1088236\.m2\repository\org\codehaus\mojo\animal-sniffer-annotations\1.14\animal-sniffer-annotations-1.14.jar;C:\Users\M1088236\.m2\repository\com\squareup\okhttp3\okhttp\3.11.0\okhttp-3.11.0.jar;C:\Users\M1088236\.m2\repository\com\squareup\okio\okio\1.14.0\okio-1.14.0.jar;C:\Users\M1088236\.m2\repository\org\testng\testng\7.1.0\testng-7.1.0.jar;C:\Users\M1088236\.m2\repository\com\beust\jcommander\1.72\jcommander-1.72.jar;C:\Users\M1088236\.m2\repository\com\google\inject\guice\4.1.0\guice-4.1.0-no_aop.jar;C:\Users\M1088236\.m2\repository\javax\inject\javax.inject\1\javax.inject-1.jar;C:\Users\M1088236\.m2\repository\aopalliance\aopalliance\1.0\aopalliance-1.0.jar;C:\Users\M1088236\.m2\repository\org\yaml\snakeyaml\1.21\snakeyaml-1.21.jar;C:\Users\M1088236\.m2\repository\com\aventstack\extentreports\5.0.9\extentreports-5.0.9.jar;C:\Users\M1088236\.m2\repository\io\reactivex\rxjava3\rxjava\3.0.4\rxjava-3.0.4.jar;C:\Users\M1088236\.m2\repository\org\reactivestreams\reactive-streams\1.0.3\reactive-streams-1.0.3.jar;C:\Users\M1088236\.m2\repository\org\freemarker\freemarker\2.3.30\freemarker-2.3.30.jar;C:\Users\M1088236\.m2\repository\org\projectlombok\lombok\1.18.12\lombok-1.18.12.jar;C:\Users\M1088236\.m2\repository\com\google\code\gson\gson\2.8.6\gson-2.8.6.jar;C:\Users\M1088236\.m2\repository\commons-io\commons-io\2.11.0\commons-io-2.11.0.jar;C:\Users\M1088236\.m2\repository\org\apache\poi\poi\3.17\poi-3.17.jar;C:\Users\M1088236\.m2\repository\commons-codec\commons-codec\1.10\commons-codec-1.10.jar;C:\Users\M1088236\.m2\repository\org\apache\commons\commons-collections4\4.1\commons-collections4-4.1.jar;C:\Users\M1088236\.m2\repository\org\apache\poi\poi-ooxml\3.17\poi-ooxml-3.17.jar;C:\Users\M1088236\.m2\repository\org\apache\poi\poi-ooxml-schemas\3.17\poi-ooxml-schemas-3.17.jar;C:\Users\M1088236\.m2\repository\org\apache\xmlbeans\xmlbeans\2.6.0\xmlbeans-2.6.0.jar;C:\Users\M1088236\.m2\repository\stax\stax-api\1.0.1\stax-api-1.0.1.jar;C:\Users\M1088236\.m2\repository\com\github\virtuald\curvesapi\1.04\curvesapi-1.04.jar;C:\Users\M1088236\.m2\repository\org\apache\logging\log4j\log4j-api\2.17.2\log4j-api-2.17.2.jar;C:\Users\M1088236\.m2\repository\org\apache\logging\log4j\log4j-core\2.17.2\log4j-core-2.17.2.jar;"/>
    <property name="java.vm.vendor" value="AdoptOpenJDK"/>
    <property name="sun.arch.data.model" value="64"/>
    <property name="user.variant" value=""/>
    <property name="java.vendor.url" value="https://adoptopenjdk.net/"/>
    <property name="user.timezone" value="Asia/Calcutta"/>
    <property name="java.vm.specification.version" value="11"/>
    <property name="os.name" value="Windows 10"/>
    <property name="sun.java.launcher" value="SUN_STANDARD"/>
    <property name="user.country" value="US"/>
    <property name="sun.boot.library.path" value="C:\Program Files\AdoptOpenJDK\jdk-11.0.11.9-hotspot\bin"/>
    <property name="sun.java.command" value="C:\Users\M1088236\AppData\Local\Temp\surefire18144593298710198007\surefirebooter-20220730130851178_3.jar C:\Users\M1088236\AppData\Local\Temp\surefire18144593298710198007 2022-07-30T13-08-50_378-jvmRun1 surefire-20220730130851178_1tmp surefire_0-20220730130851178_2tmp"/>
    <property name="jdk.debug" value="release"/>
    <property name="surefire.test.class.path" value="C:\Users\M1088236\selinumProject\ComprehensiveHybrid\target\test-classes;C:\Users\M1088236\selinumProject\ComprehensiveHybrid\target\classes;C:\Users\M1088236\.m2\repository\org\seleniumhq\selenium\selenium-java\3.141.59\selenium-java-3.141.59.jar;C:\Users\M1088236\.m2\repository\org\seleniumhq\selenium\selenium-api\3.141.59\selenium-api-3.141.59.jar;C:\Users\M1088236\.m2\repository\org\seleniumhq\selenium\selenium-chrome-driver\3.141.59\selenium-chrome-driver-3.141.59.jar;C:\Users\M1088236\.m2\repository\org\seleniumhq\selenium\selenium-edge-driver\3.141.59\selenium-edge-driver-3.141.59.jar;C:\Users\M1088236\.m2\repository\org\seleniumhq\selenium\selenium-firefox-driver\3.141.59\selenium-firefox-driver-3.141.59.jar;C:\Users\M1088236\.m2\repository\org\seleniumhq\selenium\selenium-ie-driver\3.141.59\selenium-ie-driver-3.141.59.jar;C:\Users\M1088236\.m2\repository\org\seleniumhq\selenium\selenium-opera-driver\3.141.59\selenium-opera-driver-3.141.59.jar;C:\Users\M1088236\.m2\repository\org\seleniumhq\selenium\selenium-remote-driver\3.141.59\selenium-remote-driver-3.141.59.jar;C:\Users\M1088236\.m2\repository\org\seleniumhq\selenium\selenium-safari-driver\3.141.59\selenium-safari-driver-3.141.59.jar;C:\Users\M1088236\.m2\repository\org\seleniumhq\selenium\selenium-support\3.141.59\selenium-support-3.141.59.jar;C:\Users\M1088236\.m2\repository\net\bytebuddy\byte-buddy\1.8.15\byte-buddy-1.8.15.jar;C:\Users\M1088236\.m2\repository\org\apache\commons\commons-exec\1.3\commons-exec-1.3.jar;C:\Users\M1088236\.m2\repository\com\google\guava\guava\25.0-jre\guava-25.0-jre.jar;C:\Users\M1088236\.m2\repository\com\google\code\findbugs\jsr305\1.3.9\jsr305-1.3.9.jar;C:\Users\M1088236\.m2\repository\org\checkerframework\checker-compat-qual\2.0.0\checker-compat-qual-2.0.0.jar;C:\Users\M1088236\.m2\repository\com\google\errorprone\error_prone_annotations\2.1.3\error_prone_annotations-2.1.3.jar;C:\Users\M1088236\.m2\repository\com\google\j2objc\j2objc-annotations\1.1\j2objc-annotations-1.1.jar;C:\Users\M1088236\.m2\repository\org\codehaus\mojo\animal-sniffer-annotations\1.14\animal-sniffer-annotations-1.14.jar;C:\Users\M1088236\.m2\repository\com\squareup\okhttp3\okhttp\3.11.0\okhttp-3.11.0.jar;C:\Users\M1088236\.m2\repository\com\squareup\okio\okio\1.14.0\okio-1.14.0.jar;C:\Users\M1088236\.m2\repository\org\testng\testng\7.1.0\testng-7.1.0.jar;C:\Users\M1088236\.m2\repository\com\beust\jcommander\1.72\jcommander-1.72.jar;C:\Users\M1088236\.m2\repository\com\google\inject\guice\4.1.0\guice-4.1.0-no_aop.jar;C:\Users\M1088236\.m2\repository\javax\inject\javax.inject\1\javax.inject-1.jar;C:\Users\M1088236\.m2\repository\aopalliance\aopalliance\1.0\aopalliance-1.0.jar;C:\Users\M1088236\.m2\repository\org\yaml\snakeyaml\1.21\snakeyaml-1.21.jar;C:\Users\M1088236\.m2\repository\com\aventstack\extentreports\5.0.9\extentreports-5.0.9.jar;C:\Users\M1088236\.m2\repository\io\reactivex\rxjava3\rxjava\3.0.4\rxjava-3.0.4.jar;C:\Users\M1088236\.m2\repository\org\reactivestreams\reactive-streams\1.0.3\reactive-streams-1.0.3.jar;C:\Users\M1088236\.m2\repository\org\freemarker\freemarker\2.3.30\freemarker-2.3.30.jar;C:\Users\M1088236\.m2\repository\org\projectlombok\lombok\1.18.12\lombok-1.18.12.jar;C:\Users\M1088236\.m2\repository\com\google\code\gson\gson\2.8.6\gson-2.8.6.jar;C:\Users\M1088236\.m2\repository\commons-io\commons-io\2.11.0\commons-io-2.11.0.jar;C:\Users\M1088236\.m2\repository\org\apache\poi\poi\3.17\poi-3.17.jar;C:\Users\M1088236\.m2\repository\commons-codec\commons-codec\1.10\commons-codec-1.10.jar;C:\Users\M1088236\.m2\repository\org\apache\commons\commons-collections4\4.1\commons-collections4-4.1.jar;C:\Users\M1088236\.m2\repository\org\apache\poi\poi-ooxml\3.17\poi-ooxml-3.17.jar;C:\Users\M1088236\.m2\repository\org\apache\poi\poi-ooxml-schemas\3.17\poi-ooxml-schemas-3.17.jar;C:\Users\M1088236\.m2\repository\org\apache\xmlbeans\xmlbeans\2.6.0\xmlbeans-2.6.0.jar;C:\Users\M1088236\.m2\repository\stax\stax-api\1.0.1\stax-api-1.0.1.jar;C:\Users\M1088236\.m2\repository\com\github\virtuald\curvesapi\1.04\curvesapi-1.04.jar;C:\Users\M1088236\.m2\repository\org\apache\logging\log4j\log4j-api\2.17.2\log4j-api-2.17.2.jar;C:\Users\M1088236\.m2\repository\org\apache\logging\log4j\log4j-core\2.17.2\log4j-core-2.17.2.jar;"/>
    <property name="sun.cpu.endian" value="little"/>
    <property name="user.home" value="C:\Users\M1088236"/>
    <property name="user.language" value="en"/>
    <property name="java.specification.vendor" value="Oracle Corporation"/>
    <property name="java.version.date" value="2021-04-20"/>
    <property name="java.home" value="C:\Program Files\AdoptOpenJDK\jdk-11.0.11.9-hotspot"/>
    <property name="file.separator" value="\"/>
    <property name="basedir" value="C:\Users\M1088236\selinumProject\ComprehensiveHybrid"/>
    <property name="java.vm.compressedOopsMode" value="Zero based"/>
    <property name="line.separator" value="&#10;"/>
    <property name="java.specification.name" value="Java Platform API Specification"/>
    <property name="java.vm.specification.vendor" value="Oracle Corporation"/>
    <property name="java.awt.graphicsenv" value="sun.awt.Win32GraphicsEnvironment"/>
    <property name="surefire.real.class.path" value="C:\Users\M1088236\AppData\Local\Temp\surefire18144593298710198007\surefirebooter-20220730130851178_3.jar"/>
    <property name="user.script" value=""/>
    <property name="sun.management.compiler" value="HotSpot 64-Bit Tiered Compilers"/>
    <property name="java.runtime.version" value="11.0.11+9"/>
    <property name="webdriver.edge.driver" value="./Drivers/msedgedriver.exe"/>
    <property name="user.name" value="M1088236"/>
    <property name="path.separator" value=";"/>
    <property name="os.version" value="10.0"/>
    <property name="java.runtime.name" value="OpenJDK Runtime Environment"/>
    <property name="file.encoding" value="Cp1252"/>
    <property name="java.vm.name" value="OpenJDK 64-Bit Server VM"/>
    <property name="java.vendor.version" value="AdoptOpenJDK-11.0.11+9"/>
    <property name="localRepository" value="C:\Users\M1088236\.m2\repository"/>
    <property name="java.vendor.url.bug" value="https://github.com/AdoptOpenJDK/openjdk-support/issues"/>
    <property name="java.io.tmpdir" value="C:\Users\M1088236\AppData\Local\Temp\"/>
    <property name="java.version" value="11.0.11"/>
    <property name="user.dir" value="C:\Users\M1088236\selinumProject\ComprehensiveHybrid"/>
    <property name="os.arch" value="amd64"/>
    <property name="java.vm.specification.name" value="Java Virtual Machine Specification"/>
    <property name="java.awt.printerjob" value="sun.awt.windows.WPrinterJob"/>
    <property name="sun.os.patch.level" value=""/>
    <property name="java.library.path" value="C:\Program Files\AdoptOpenJDK\jdk-11.0.11.9-hotspot\bin;C:\WINDOWS\Sun\Java\bin;C:\WINDOWS\system32;C:\WINDOWS;C:/Users/M1088236/Downloads/eclipse-java-2022-03-R-win32-x86_64 (1)/eclipse//plugins/org.eclipse.justj.openjdk.hotspot.jre.full.win32.x86_64_17.0.2.v20220201-1208/jre/bin/server;C:/Users/M1088236/Downloads/eclipse-java-2022-03-R-win32-x86_64 (1)/eclipse//plugins/org.eclipse.justj.openjdk.hotspot.jre.full.win32.x86_64_17.0.2.v20220201-1208/jre/bin;C:\Program Files\AdoptOpenJDK\jdk-11.0.11.9-hotspot\bin;C:\WINDOWS\system32;C:\WINDOWS;C:\WINDOWS\System32\Wbem;C:\WINDOWS\System32\WindowsPowerShell\v1.0\;C:\WINDOWS\System32\OpenSSH\;C:\Users\M1088236\jdk-15.0.2\bin;C:\Users\M1088236\apache-maven-3.8.6\bin;C:\Program Files\Intel\WiFi\bin\;C:\Program Files\Common Files\Intel\WirelessCommon\;C:\Program Files\Git\cmd;C:\Program Files\MySQL\MySQL Shell 8.0\bin\;C:\Users\M1088236\AppData\Local\Microsoft\WindowsApps;C:\Users\M1088236\Downloads\eclipse-java-2022-03-R-win32-x86_64 (1)\eclipse;;."/>
    <property name="java.vm.info" value="mixed mode"/>
    <property name="java.vendor" value="AdoptOpenJDK"/>
    <property name="java.vm.version" value="11.0.11+9"/>
    <property name="sun.io.unicode.encoding" value="UnicodeLittle"/>
    <property name="java.class.version" value="55.0"/>
  </properties>
  <testcase name="productSearch[public void runner.TideSearchFunctionTest.productSearch(java.lang.reflect.Method)](1)" classname="runner.TideSearchFunctionTest" time="8.349">
    <system-out><![CDATA[[INFO ] 2022-07-30 13:08:53.069 [main] BaseClass - Initilize Method invoked @Before Suite
[INFO ] 2022-07-30 13:08:53.834 [main] BaseClass - Browser Invoked @Before Suite
[TRACE] 2022-07-30 13:09:03.704 [main] BaseClass - productSearch ::invoked 
[INFO ] 2022-07-30 13:09:05.851 [main] BaseClass - pageObjects.TideSearchPageMethod was invoking 
Follow care label instructions, then sort.
Test inside seam for colorfastness.
[FATAL] 2022-07-30 13:09:12.048 [main] BaseClass - Assertion passes
[FATAL] 2022-07-30 13:09:12.049 [main] BaseClass - productSearch::excecuted sucessfully
]]></system-out>
    <system-err><![CDATA[Starting Microsoft Edge WebDriver 103.0.1264.71 (1f7a1d165042010b399db54bd56390dd47e15013) on port 11577
To submit feedback, report a bug, or suggest new features, please visit https://github.com/MicrosoftEdge/EdgeWebDriver

Only local connections are allowed.
Please see https://aka.ms/WebDriverSecurity for suggestions on keeping Microsoft Edge WebDriver safe.

Microsoft Edge WebDriver was started successfully.
Jul 30, 2022 1:08:56 PM org.openqa.selenium.remote.ProtocolHandshake createSession
INFO: Detected dialect: W3C
]]></system-err>
  </testcase>
  <testcase name="productsTest[public void runner.TideProductsPageTest.productsTest(java.lang.reflect.Method)](1)" classname="runner.TideProductsPageTest" time="11.995">
    <system-out><![CDATA[[INFO ] 2022-07-30 13:09:12.053 [main] BaseClass - Validtaing the Test @Before Suite
[INFO ] 2022-07-30 13:09:12.349 [main] BaseClass - Validation suceesfully passes
[INFO ] 2022-07-30 13:09:13.239 [main] BaseClass - Browser closed
[INFO ] 2022-07-30 13:09:13.241 [main] BaseClass - Browser Invoked @Before Suite
[TRACE] 2022-07-30 13:09:20.013 [main] BaseClass - productsTest ::invoked 
[INFO ] 2022-07-30 13:09:22.026 [main] BaseClass - pageObjects.TideShopProductsPagecreated object for this class
$11.58
[FATAL] 2022-07-30 13:09:32.007 [main] BaseClass - Assertion passes
[TRACE] 2022-07-30 13:09:32.007 [main] BaseClass - productsTest::excecuted sucessfully
]]></system-out>
    <system-err><![CDATA[Starting Microsoft Edge WebDriver 103.0.1264.71 (1f7a1d165042010b399db54bd56390dd47e15013) on port 26376
To submit feedback, report a bug, or suggest new features, please visit https://github.com/MicrosoftEdge/EdgeWebDriver

Only local connections are allowed.
Please see https://aka.ms/WebDriverSecurity for suggestions on keeping Microsoft Edge WebDriver safe.

Microsoft Edge WebDriver was started successfully.
Jul 30, 2022 1:09:14 PM org.openqa.selenium.remote.ProtocolHandshake createSession
INFO: Detected dialect: W3C
]]></system-err>
  </testcase>
  <testcase name="RemoveStains[public void runner.TideInoWashPageTest.RemoveStains(java.lang.reflect.Method)](1)" classname="runner.TideInoWashPageTest" time="4.022">
    <system-out><![CDATA[[INFO ] 2022-07-30 13:09:32.008 [main] BaseClass - Validtaing the Test @Before Suite
[INFO ] 2022-07-30 13:09:32.236 [main] BaseClass - Validation suceesfully passes
[INFO ] 2022-07-30 13:09:33.187 [main] BaseClass - Browser closed
[INFO ] 2022-07-30 13:09:33.187 [main] BaseClass - Browser Invoked @Before Suite
[TRACE] 2022-07-30 13:09:38.905 [main] BaseClass - RemoveStains ::invoked 
[INFO ] 2022-07-30 13:09:40.960 [main] BaseClass - pageObjects.TideInfoAbtWashPage Was invoking the method
How to Remove Egg Stains
[FATAL] 2022-07-30 13:09:42.927 [main] BaseClass - Assertion passes
[FATAL] 2022-07-30 13:09:42.927 [main] BaseClass - RemoveStains::excecuted sucessfully
]]></system-out>
    <system-err><![CDATA[Starting Microsoft Edge WebDriver 103.0.1264.71 (1f7a1d165042010b399db54bd56390dd47e15013) on port 4215
To submit feedback, report a bug, or suggest new features, please visit https://github.com/MicrosoftEdge/EdgeWebDriver

Only local connections are allowed.
Please see https://aka.ms/WebDriverSecurity for suggestions on keeping Microsoft Edge WebDriver safe.

Microsoft Edge WebDriver was started successfully.
Jul 30, 2022 1:09:34 PM org.openqa.selenium.remote.ProtocolHandshake createSession
INFO: Detected dialect: W3C
]]></system-err>
  </testcase>
  <testcase name="commitment[public void runner.TideCommitmentTest.commitment(java.lang.reflect.Method)](1)" classname="runner.TideCommitmentTest" time="3.426">
    <system-out><![CDATA[[INFO ] 2022-07-30 13:09:42.928 [main] BaseClass - Validtaing the Test @Before Suite
[INFO ] 2022-07-30 13:09:43.219 [main] BaseClass - Validation suceesfully passes
[INFO ] 2022-07-30 13:09:44.175 [main] BaseClass - Browser closed
[INFO ] 2022-07-30 13:09:44.176 [main] BaseClass - Browser Invoked @Before Suite
[TRACE] 2022-07-30 13:09:49.904 [main] BaseClass - commitment ::invoked 
[FATAL] 2022-07-30 13:09:52.285 [main] BaseClass - Object was created 
We have always created products that improve people’s lives now and for generations to come—in fact sustainability and social good have always been a part of our business strategy.
[FATAL] 2022-07-30 13:09:53.327 [main] BaseClass - Assertion passes
[TRACE] 2022-07-30 13:09:53.328 [main] BaseClass - commitment::excecuted sucessfully
]]></system-out>
    <system-err><![CDATA[Starting Microsoft Edge WebDriver 103.0.1264.71 (1f7a1d165042010b399db54bd56390dd47e15013) on port 23720
To submit feedback, report a bug, or suggest new features, please visit https://github.com/MicrosoftEdge/EdgeWebDriver

Only local connections are allowed.
Please see https://aka.ms/WebDriverSecurity for suggestions on keeping Microsoft Edge WebDriver safe.

Microsoft Edge WebDriver was started successfully.
Jul 30, 2022 1:09:45 PM org.openqa.selenium.remote.ProtocolHandshake createSession
INFO: Detected dialect: W3C
]]></system-err>
  </testcase>
  <testcase name="productTest[public void runner.TideProductTypeTest.productTest(java.lang.reflect.Method)](1)" classname="runner.TideProductTypeTest" time="3.175">
    <system-out><![CDATA[[INFO ] 2022-07-30 13:09:53.330 [main] BaseClass - Validtaing the Test @Before Suite
[INFO ] 2022-07-30 13:09:54.180 [main] BaseClass - Validation suceesfully passes
[INFO ] 2022-07-30 13:09:55.153 [main] BaseClass - Browser closed
[INFO ] 2022-07-30 13:09:55.153 [main] BaseClass - Browser Invoked @Before Suite
[TRACE] 2022-07-30 13:10:00.497 [main] BaseClass - productTest ::invoked 
[INFO ] 2022-07-30 13:10:02.648 [main] BaseClass - pageObjects.TideProductsTypePageCreated onject for this class
Washing Machine Cleaner
[FATAL] 2022-07-30 13:10:03.672 [main] BaseClass - Assertion passes
[TRACE] 2022-07-30 13:10:03.672 [main] BaseClass - productTest::excecuted sucessfully
]]></system-out>
    <system-err><![CDATA[Starting Microsoft Edge WebDriver 103.0.1264.71 (1f7a1d165042010b399db54bd56390dd47e15013) on port 39644
To submit feedback, report a bug, or suggest new features, please visit https://github.com/MicrosoftEdge/EdgeWebDriver

Only local connections are allowed.
Please see https://aka.ms/WebDriverSecurity for suggestions on keeping Microsoft Edge WebDriver safe.

Microsoft Edge WebDriver was started successfully.
Jul 30, 2022 1:09:56 PM org.openqa.selenium.remote.ProtocolHandshake createSession
INFO: Detected dialect: W3C
]]></system-err>
  </testcase>
  <testcase name="termsCon[public void runner.TideTandCTest.termsCon(java.lang.reflect.Method)](1)" classname="runner.TideTandCTest" time="3.712">
    <system-out><![CDATA[[INFO ] 2022-07-30 13:10:03.673 [main] BaseClass - Validtaing the Test @Before Suite
[INFO ] 2022-07-30 13:10:04.036 [main] BaseClass - Validation suceesfully passes
[INFO ] 2022-07-30 13:10:04.986 [main] BaseClass - Browser closed
[INFO ] 2022-07-30 13:10:04.987 [main] BaseClass - Browser Invoked @Before Suite
[TRACE] 2022-07-30 13:10:10.988 [main] BaseClass - termsCon ::invoked 
P&G Terms & Conditions: electronic signature, chat room
[FATAL] 2022-07-30 13:10:14.698 [main] BaseClass - Assertion passes
[DEBUG] 2022-07-30 13:10:14.698 [main] BaseClass - termsCon::excecuted sucessfully
]]></system-out>
    <system-err><![CDATA[Starting Microsoft Edge WebDriver 103.0.1264.71 (1f7a1d165042010b399db54bd56390dd47e15013) on port 34763
To submit feedback, report a bug, or suggest new features, please visit https://github.com/MicrosoftEdge/EdgeWebDriver

Only local connections are allowed.
Please see https://aka.ms/WebDriverSecurity for suggestions on keeping Microsoft Edge WebDriver safe.

Microsoft Edge WebDriver was started successfully.
Jul 30, 2022 1:10:06 PM org.openqa.selenium.remote.ProtocolHandshake createSession
INFO: Detected dialect: W3C
]]></system-err>
  </testcase>
  <testcase name="article[public void runner.TideArticleTest.article(java.lang.reflect.Method)](1)" classname="runner.TideArticleTest" time="3.177">
    <system-out><![CDATA[[INFO ] 2022-07-30 13:10:14.700 [main] BaseClass - Validtaing the Test @Before Suite
[INFO ] 2022-07-30 13:10:14.966 [main] BaseClass - Validation suceesfully passes
[INFO ] 2022-07-30 13:10:15.928 [main] BaseClass - Browser closed
[INFO ] 2022-07-30 13:10:15.929 [main] BaseClass - Browser Invoked @Before Suite
[INFO ] 2022-07-30 13:10:21.260 [main] BaseClass - article ::invoked 
[FATAL] 2022-07-30 13:10:23.749 [main] BaseClass - Scrolling down the window
[FATAL] 2022-07-30 13:10:24.436 [main] BaseClass - Assertion passes
[TRACE] 2022-07-30 13:10:24.436 [main] BaseClass - article::excecuted sucessfully
]]></system-out>
    <system-err><![CDATA[Starting Microsoft Edge WebDriver 103.0.1264.71 (1f7a1d165042010b399db54bd56390dd47e15013) on port 28788
To submit feedback, report a bug, or suggest new features, please visit https://github.com/MicrosoftEdge/EdgeWebDriver

Only local connections are allowed.
Please see https://aka.ms/WebDriverSecurity for suggestions on keeping Microsoft Edge WebDriver safe.

Microsoft Edge WebDriver was started successfully.
Jul 30, 2022 1:10:17 PM org.openqa.selenium.remote.ProtocolHandshake createSession
INFO: Detected dialect: W3C
]]></system-err>
  </testcase>
  <testcase name="rewadsTest[public void runner.TideCoupnAndrRewardTest.rewadsTest(java.lang.reflect.Method)](1)" classname="runner.TideCoupnAndrRewardTest" time="5.685">
    <system-out><![CDATA[[INFO ] 2022-07-30 13:10:24.437 [main] BaseClass - Validtaing the Test @Before Suite
[INFO ] 2022-07-30 13:10:24.792 [main] BaseClass - Validation suceesfully passes
[INFO ] 2022-07-30 13:10:25.849 [main] BaseClass - Browser closed
[INFO ] 2022-07-30 13:10:25.850 [main] BaseClass - Browser Invoked @Before Suite
[FATAL] 2022-07-30 13:10:33.870 [main] BaseClass - rewadsTest ::invoked 
[INFO ] 2022-07-30 13:10:36.280 [main] BaseClass - pageObjects.TideCoupnAndRewadPage created object for this class
Signup Now - Get Access to Exclusive Tide Coupons | P&GGoodEveryday
[FATAL] 2022-07-30 13:10:39.555 [main] BaseClass - Assertion passes
[FATAL] 2022-07-30 13:10:39.555 [main] BaseClass - rewadsTest::excecuted sucessfully
]]></system-out>
    <system-err><![CDATA[Starting Microsoft Edge WebDriver 103.0.1264.71 (1f7a1d165042010b399db54bd56390dd47e15013) on port 24649
To submit feedback, report a bug, or suggest new features, please visit https://github.com/MicrosoftEdge/EdgeWebDriver

Only local connections are allowed.
Please see https://aka.ms/WebDriverSecurity for suggestions on keeping Microsoft Edge WebDriver safe.

Microsoft Edge WebDriver was started successfully.
Jul 30, 2022 1:10:27 PM org.openqa.selenium.remote.ProtocolHandshake createSession
INFO: Detected dialect: W3C
]]></system-err>
  </testcase>
  <testcase name="newLaunch[public void runner.TideNewLaunchTest.newLaunch(java.lang.reflect.Method)](1)" classname="runner.TideNewLaunchTest" time="2.887">
    <system-out><![CDATA[[INFO ] 2022-07-30 13:10:39.556 [main] BaseClass - Validtaing the Test @Before Suite
[INFO ] 2022-07-30 13:10:40.244 [main] BaseClass - Validation suceesfully passes
[INFO ] 2022-07-30 13:10:41.498 [main] BaseClass - Browser closed
[INFO ] 2022-07-30 13:10:41.499 [main] BaseClass - Browser Invoked @Before Suite
[FATAL] 2022-07-30 13:10:48.460 [main] BaseClass - newLaunch ::invoked 
[INFO ] 2022-07-30 13:10:50.728 [main] BaseClass - pageObjects.TideNewLaunchesPagecreated object for this class
Tide in Space
[FATAL] 2022-07-30 13:10:51.345 [main] BaseClass - Assertion passes
[TRACE] 2022-07-30 13:10:51.346 [main] BaseClass - newLaunch::excecuted sucessfully
]]></system-out>
    <system-err><![CDATA[Starting Microsoft Edge WebDriver 103.0.1264.71 (1f7a1d165042010b399db54bd56390dd47e15013) on port 22690
To submit feedback, report a bug, or suggest new features, please visit https://github.com/MicrosoftEdge/EdgeWebDriver

Only local connections are allowed.
Please see https://aka.ms/WebDriverSecurity for suggestions on keeping Microsoft Edge WebDriver safe.

Microsoft Edge WebDriver was started successfully.
Jul 30, 2022 1:10:43 PM org.openqa.selenium.remote.ProtocolHandshake createSession
INFO: Detected dialect: W3C
]]></system-err>
  </testcase>
  <testcase name="chatWithSupport[public void runner.TideLiveChatPageTest.chatWithSupport(java.lang.reflect.Method)](1)" classname="runner.TideLiveChatPageTest" time="3.118">
    <system-out><![CDATA[[INFO ] 2022-07-30 13:10:51.347 [main] BaseClass - Validtaing the Test @Before Suite
[INFO ] 2022-07-30 13:10:51.701 [main] BaseClass - Validation suceesfully passes
[INFO ] 2022-07-30 13:10:52.668 [main] BaseClass - Browser closed
[INFO ] 2022-07-30 13:10:52.669 [main] BaseClass - Browser Invoked @Before Suite
[TRACE] 2022-07-30 13:10:57.716 [main] BaseClass - chatWithSupport ::invoked 
[INFO ] 2022-07-30 13:11:00.265 [main] BaseClass - pageObjects.TideLiveChatPagecreated object for this class
Tide's expert clean team is here to help you via our online chat. Available from Monday to Friday between 10 AM and 6 PM, we're happy to answer all your laundry-related questions.
[FATAL] 2022-07-30 13:11:00.833 [main] BaseClass - Assertion passes
[DEBUG] 2022-07-30 13:11:00.833 [main] BaseClass - chatWithSupport::excecuted sucessfully
]]></system-out>
    <system-err><![CDATA[Starting Microsoft Edge WebDriver 103.0.1264.71 (1f7a1d165042010b399db54bd56390dd47e15013) on port 41044
To submit feedback, report a bug, or suggest new features, please visit https://github.com/MicrosoftEdge/EdgeWebDriver

Only local connections are allowed.
Please see https://aka.ms/WebDriverSecurity for suggestions on keeping Microsoft Edge WebDriver safe.

Microsoft Edge WebDriver was started successfully.
Jul 30, 2022 1:10:54 PM org.openqa.selenium.remote.ProtocolHandshake createSession
INFO: Detected dialect: W3C
]]></system-err>
  </testcase>
</testsuite>