<?xml version="1.0" encoding="UTF-8"?>
<!-- Generated by org.testng.reporters.JUnitReportReporter -->
<testsuite hostname="MT-PF1F14DK" failures="0" tests="1" name="runner.TideCommitmentTest" time="3.623" errors="0" timestamp="2022-07-30T00:24:55 IST" skipped="0">
  <testcase classname="runner.TideCommitmentTest" name="commitment" time="3.623"/>
  <system-out/>
</testsuite> <!-- runner.TideCommitmentTest -->
