<?xml version="1.0" encoding="UTF-8"?>
<!-- Generated by org.testng.reporters.JUnitReportReporter -->
<testsuite hostname="MT-PF1F14DK" failures="0" tests="1" name="runner.TideCoupnAndrRewardTest" time="5.185" errors="0" timestamp="2022-07-30T00:24:55 IST" skipped="0">
  <testcase classname="runner.TideCoupnAndrRewardTest" name="rewadsTest" time="5.185"/>
  <system-out/>
</testsuite> <!-- runner.TideCoupnAndrRewardTest -->
