<?xml version="1.0" encoding="UTF-8"?>
<!-- Generated by org.testng.reporters.JUnitReportReporter -->
<testsuite hostname="MT-PF1F14DK" failures="0" tests="1" name="runner.TideTandCTest" time="3.979" errors="0" timestamp="2022-07-30T13:11:03 IST" skipped="0">
  <testcase classname="runner.TideTandCTest" name="termsCon" time="3.979"/>
  <system-out/>
</testsuite> <!-- runner.TideTandCTest -->
