<?xml version="1.0" encoding="UTF-8"?>
<!-- Generated by org.testng.reporters.JUnitReportReporter -->
<testsuite hostname="MT-PF1F14DK" failures="0" tests="1" name="runner.TideLiveChatPageTest" time="4.020" errors="0" timestamp="2022-07-30T13:11:03 IST" skipped="0">
  <testcase classname="runner.TideLiveChatPageTest" name="chatWithSupport" time="4.020"/>
  <system-out/>
</testsuite> <!-- runner.TideLiveChatPageTest -->
