<?xml version="1.0" encoding="UTF-8"?>
<!-- Generated by org.testng.reporters.JUnitReportReporter -->
<testsuite hostname="MT-PF1F14DK" failures="0" tests="1" name="runner.TideArticleTest" time="3.533" errors="0" timestamp="2022-07-30T13:11:03 IST" skipped="0">
  <testcase classname="runner.TideArticleTest" name="article" time="3.533"/>
  <system-out/>
</testsuite> <!-- runner.TideArticleTest -->
