<?xml version="1.0" encoding="UTF-8"?>
<!-- Generated by org.testng.reporters.JUnitReportReporter -->
<testsuite hostname="MT-PF1F14DK" failures="0" tests="1" name="runner.TideProductsPageTest" time="12.224" errors="0" timestamp="2022-07-30T13:11:03 IST" skipped="0">
  <testcase classname="runner.TideProductsPageTest" name="productsTest" time="12.224"/>
  <system-out/>
</testsuite> <!-- runner.TideProductsPageTest -->
